<?xml version="1.0" encoding="UTF-8"?>
<!-- Generated by org.testng.reporters.JUnitReportReporter -->
<testsuite hostname="Mukul" failures="0" tests="8" name="testCases.InputFormTest" time="13.686" errors="0" timestamp="2024-03-03T18:13:37 IST" skipped="4">
  <testcase classname="testCases.InputFormTest" name="testEmptyFormSubmission" time="0.126">
    <skipped/>
  </testcase> <!-- testEmptyFormSubmission -->
  <testcase classname="testCases.InputFormTest" name="testEmptyFormSubmission" time="0.764">
    <skipped/>
  </testcase> <!-- testEmptyFormSubmission -->
  <testcase classname="testCases.InputFormTest" name="testEmptyFormSubmission" time="4.259"/>
  <testcase classname="testCases.InputFormTest" name="testEmptyFormSubmission" time="1.850"/>
  <testcase classname="testCases.InputFormTest" name="testFilledFormSubmission" time="2.560"/>
  <testcase classname="testCases.InputFormTest" name="testFilledFormSubmission" time="0.000">
    <skipped/>
  </testcase> <!-- testFilledFormSubmission -->
  <testcase classname="testCases.InputFormTest" name="testFilledFormSubmission" time="0.000">
    <skipped/>
  </testcase> <!-- testFilledFormSubmission -->
  <testcase classname="testCases.InputFormTest" name="testFilledFormSubmission" time="4.127"/>
</testsuite> <!-- testCases.InputFormTest -->
