<?xml version="1.0" encoding="UTF-8"?>
<!-- Generated by org.testng.reporters.JUnitReportReporter -->
<testsuite hostname="Mukul" failures="0" tests="8" name="testCases.SimpleFormTest" time="17.266" errors="0" timestamp="2024-03-03T18:13:37 IST" skipped="4">
  <testcase classname="testCases.SimpleFormTest" name="validateSimpleFormPageURL" time="0.618">
    <skipped/>
  </testcase> <!-- validateSimpleFormPageURL -->
  <testcase classname="testCases.SimpleFormTest" name="validateSimpleFormPageURL" time="4.709"/>
  <testcase classname="testCases.SimpleFormTest" name="validateSimpleFormPageURL" time="5.106"/>
  <testcase classname="testCases.SimpleFormTest" name="validateSimpleFormPageURL" time="0.001">
    <skipped/>
  </testcase> <!-- validateSimpleFormPageURL -->
  <testcase classname="testCases.SimpleFormTest" name="validateSimpleFormSubmission" time="0.615">
    <skipped/>
  </testcase> <!-- validateSimpleFormSubmission -->
  <testcase classname="testCases.SimpleFormTest" name="validateSimpleFormSubmission" time="4.001"/>
  <testcase classname="testCases.SimpleFormTest" name="validateSimpleFormSubmission" time="0.001">
    <skipped/>
  </testcase> <!-- validateSimpleFormSubmission -->
  <testcase classname="testCases.SimpleFormTest" name="validateSimpleFormSubmission" time="2.215"/>
</testsuite> <!-- testCases.SimpleFormTest -->
