<?xml version="1.0" encoding="UTF-8"?>
<!-- Generated by org.testng.reporters.JUnitReportReporter -->
<testsuite hostname="Mukul" failures="0" tests="1" name="rough.FormDemoTest" time="9.014" errors="0" timestamp="2024-02-21T12:47:55 IST" skipped="0">
  <testcase classname="rough.FormDemoTest" name="formDemoTest" time="9.014"/>
</testsuite> <!-- rough.FormDemoTest -->
