<?xml version="1.0" encoding="UTF-8"?>
<!-- Generated by org.testng.reporters.JUnitReportReporter -->
<testsuite hostname="Mukul" failures="0" tests="1" name="rough.SliderDemoTest" time="13.088" errors="0" timestamp="2024-02-27T20:37:23 IST" skipped="0">
  <testcase classname="rough.SliderDemoTest" name="sliderDemoTest" time="13.088"/>
</testsuite> <!-- rough.SliderDemoTest -->
