<?xml version="1.0" encoding="UTF-8"?>
<!-- Generated by org.testng.reporters.JUnitReportReporter -->
<testsuite hostname="Mukul" failures="0" tests="1" name="rough.InputFormDemoTest" time="3.860" errors="0" timestamp="2024-02-21T16:53:22 IST" skipped="0">
  <testcase classname="rough.InputFormDemoTest" name="inputFormDemoTest" time="3.860"/>
</testsuite> <!-- rough.InputFormDemoTest -->
