<?xml version="1.0" encoding="UTF-8"?>
<!-- Generated by org.testng.reporters.JUnitReportReporter -->
<testsuite hostname="Mukul" failures="0" tests="4" name="testCases.SliderDemoTest" time="10.397" errors="0" timestamp="2024-03-03T18:13:37 IST" skipped="2">
  <testcase classname="testCases.SliderDemoTest" name="sliderDemoTest" time="0.000">
    <skipped/>
  </testcase> <!-- sliderDemoTest -->
  <testcase classname="testCases.SliderDemoTest" name="sliderDemoTest" time="5.356"/>
  <testcase classname="testCases.SliderDemoTest" name="sliderDemoTest" time="5.041"/>
  <testcase classname="testCases.SliderDemoTest" name="sliderDemoTest" time="0.000">
    <skipped/>
  </testcase> <!-- sliderDemoTest -->
</testsuite> <!-- testCases.SliderDemoTest -->
